This is pdfTeX, Version 3.14159265-2.6-1.40.19 (TeX Live 2018) (preloaded format=pdflatex 2018.5.31)  25 JUL 2019 12:03
entering extended mode
 \write18 enabled.
 file:line:error style messages enabled.
 %&-line parsing enabled.
**lab5.tex
(./lab5.tex
LaTeX2e <2018-04-01> patch level 5
(/usr/local/texlive/2018/texmf-dist/tex/latex/base/article.cls
Document Class: article 2014/09/29 v1.4h Standard LaTeX document class
(/usr/local/texlive/2018/texmf-dist/tex/latex/base/size10.clo
File: size10.clo 2014/09/29 v1.4h Standard LaTeX file (size option)
)
\c@part=\count80
\c@section=\count81
\c@subsection=\count82
\c@subsubsection=\count83
\c@paragraph=\count84
\c@subparagraph=\count85
\c@figure=\count86
\c@table=\count87
\abovecaptionskip=\skip41
\belowcaptionskip=\skip42
\bibindent=\dimen102
)
(/usr/local/texlive/2018/texmf-dist/tex/latex/geometry/geometry.sty
Package: geometry 2018/04/16 v5.8 Page Geometry

(/usr/local/texlive/2018/texmf-dist/tex/latex/graphics/keyval.sty
Package: keyval 2014/10/28 v1.15 key=value parser (DPC)
\KV@toks@=\toks14
)
(/usr/local/texlive/2018/texmf-dist/tex/generic/oberdiek/ifpdf.sty
Package: ifpdf 2017/03/15 v3.2 Provides the ifpdf switch
)
(/usr/local/texlive/2018/texmf-dist/tex/generic/oberdiek/ifvtex.sty
Package: ifvtex 2016/05/16 v1.6 Detect VTeX and its facilities (HO)
Package ifvtex Info: VTeX not detected.
)
(/usr/local/texlive/2018/texmf-dist/tex/generic/ifxetex/ifxetex.sty
Package: ifxetex 2010/09/12 v0.6 Provides ifxetex conditional
)
\Gm@cnth=\count88
\Gm@cntv=\count89
\c@Gm@tempcnt=\count90
\Gm@bindingoffset=\dimen103
\Gm@wd@mp=\dimen104
\Gm@odd@mp=\dimen105
\Gm@even@mp=\dimen106
\Gm@layoutwidth=\dimen107
\Gm@layoutheight=\dimen108
\Gm@layouthoffset=\dimen109
\Gm@layoutvoffset=\dimen110
\Gm@dimlist=\toks15
)
(/usr/local/texlive/2018/texmf-dist/tex/latex/base/alltt.sty
Package: alltt 1997/06/16 v2.0g defines alltt environment
)
(/usr/local/texlive/2018/texmf-dist/tex/latex/fancyvrb/fancyvrb.sty
Package: fancyvrb 2008/02/07

Style option: `fancyvrb' v2.7a, with DG/SPQR fixes, and firstline=lastline fix 
<2008/02/07> (tvz)
\FV@CodeLineNo=\count91
\FV@InFile=\read1
\FV@TabBox=\box26
\c@FancyVerbLine=\count92
\FV@StepNumber=\count93
\FV@OutFile=\write3
)
(/usr/local/texlive/2018/texmf-dist/tex/latex/framed/framed.sty
Package: framed 2011/10/22 v 0.96: framed or shaded text with page breaks
\OuterFrameSep=\skip43
\fb@frw=\dimen111
\fb@frh=\dimen112
\FrameRule=\dimen113
\FrameSep=\dimen114
)
(/home/debian/texmf/tex/latex/xcolor/xcolor.sty
Package: xcolor 2016/05/11 v2.12 LaTeX color extensions (UK)

(/usr/local/texlive/2018/texmf-dist/tex/latex/graphics-cfg/color.cfg
File: color.cfg 2016/01/02 v1.6 sample color configuration
)
Package xcolor Info: Driver file: pdftex.def on input line 225.

(/usr/local/texlive/2018/texmf-dist/tex/latex/graphics-def/pdftex.def
File: pdftex.def 2018/01/08 v1.0l Graphics/color driver for pdftex
)
Package xcolor Info: Model `cmy' substituted by `cmy0' on input line 1348.
Package xcolor Info: Model `hsb' substituted by `rgb' on input line 1352.
Package xcolor Info: Model `RGB' extended on input line 1364.
Package xcolor Info: Model `HTML' substituted by `rgb' on input line 1366.
Package xcolor Info: Model `Hsb' substituted by `hsb' on input line 1367.
Package xcolor Info: Model `tHsb' substituted by `hsb' on input line 1368.
Package xcolor Info: Model `HSB' substituted by `hsb' on input line 1369.
Package xcolor Info: Model `Gray' substituted by `gray' on input line 1370.
Package xcolor Info: Model `wave' substituted by `hsb' on input line 1371.
)
(/usr/local/texlive/2018/texmf-dist/tex/latex/base/inputenc.sty
Package: inputenc 2018/04/06 v1.3b Input encoding file
\inpenc@prehook=\toks16
\inpenc@posthook=\toks17
)
(/usr/local/texlive/2018/texmf-dist/tex/latex/listings/listings.sty
\lst@mode=\count94
\lst@gtempboxa=\box27
\lst@token=\toks18
\lst@length=\count95
\lst@currlwidth=\dimen115
\lst@column=\count96
\lst@pos=\count97
\lst@lostspace=\dimen116
\lst@width=\dimen117
\lst@newlines=\count98
\lst@lineno=\count99
\lst@maxwidth=\dimen118

(/usr/local/texlive/2018/texmf-dist/tex/latex/listings/lstmisc.sty
File: lstmisc.sty 2015/06/04 1.6 (Carsten Heinz)
\c@lstnumber=\count100
\lst@skipnumbers=\count101
\lst@framebox=\box28
)
(/usr/local/texlive/2018/texmf-dist/tex/latex/listings/listings.cfg
File: listings.cfg 2015/06/04 1.6 listings configuration
))
Package: listings 2015/06/04 1.6 (Carsten Heinz)

(/usr/local/texlive/2018/texmf-dist/tex/latex/hyperref/hyperref.sty
Package: hyperref 2018/02/06 v6.86b Hypertext links for LaTeX

(/usr/local/texlive/2018/texmf-dist/tex/generic/oberdiek/hobsub-hyperref.sty
Package: hobsub-hyperref 2016/05/16 v1.14 Bundle oberdiek, subset hyperref (HO)


(/usr/local/texlive/2018/texmf-dist/tex/generic/oberdiek/hobsub-generic.sty
Package: hobsub-generic 2016/05/16 v1.14 Bundle oberdiek, subset generic (HO)
Package: hobsub 2016/05/16 v1.14 Construct package bundles (HO)
Package: infwarerr 2016/05/16 v1.4 Providing info/warning/error messages (HO)
Package: ltxcmds 2016/05/16 v1.23 LaTeX kernel commands for general use (HO)
Package: ifluatex 2016/05/16 v1.4 Provides the ifluatex switch (HO)
Package ifluatex Info: LuaTeX not detected.
Package hobsub Info: Skipping package `ifvtex' (already loaded).
Package: intcalc 2016/05/16 v1.2 Expandable calculations with integers (HO)
Package hobsub Info: Skipping package `ifpdf' (already loaded).
Package: etexcmds 2016/05/16 v1.6 Avoid name clashes with e-TeX commands (HO)
Package etexcmds Info: Could not find \expanded.
(etexcmds)             That can mean that you are not using pdfTeX 1.50 or
(etexcmds)             that some package has redefined \expanded.
(etexcmds)             In the latter case, load this package earlier.
Package: kvsetkeys 2016/05/16 v1.17 Key value parser (HO)
Package: kvdefinekeys 2016/05/16 v1.4 Define keys (HO)
Package: pdftexcmds 2018/01/30 v0.27 Utility functions of pdfTeX for LuaTeX (HO
)
Package pdftexcmds Info: LuaTeX not detected.
Package pdftexcmds Info: \pdf@primitive is available.
Package pdftexcmds Info: \pdf@ifprimitive is available.
Package pdftexcmds Info: \pdfdraftmode found.
Package: pdfescape 2016/05/16 v1.14 Implements pdfTeX's escape features (HO)
Package: bigintcalc 2016/05/16 v1.4 Expandable calculations on big integers (HO
)
Package: bitset 2016/05/16 v1.2 Handle bit-vector datatype (HO)
Package: uniquecounter 2016/05/16 v1.3 Provide unlimited unique counter (HO)
)
Package hobsub Info: Skipping package `hobsub' (already loaded).
Package: letltxmacro 2016/05/16 v1.5 Let assignment for LaTeX macros (HO)
Package: hopatch 2016/05/16 v1.3 Wrapper for package hooks (HO)
Package: xcolor-patch 2016/05/16 xcolor patch
Package: atveryend 2016/05/16 v1.9 Hooks at the very end of document (HO)
Package atveryend Info: \enddocument detected (standard20110627).
Package: atbegshi 2016/06/09 v1.18 At begin shipout hook (HO)
Package: refcount 2016/05/16 v3.5 Data extraction from label references (HO)
Package: hycolor 2016/05/16 v1.8 Color options for hyperref/bookmark (HO)
)
(/usr/local/texlive/2018/texmf-dist/tex/latex/oberdiek/auxhook.sty
Package: auxhook 2016/05/16 v1.4 Hooks for auxiliary files (HO)
)
(/usr/local/texlive/2018/texmf-dist/tex/latex/oberdiek/kvoptions.sty
Package: kvoptions 2016/05/16 v3.12 Key value format for package options (HO)
)
\@linkdim=\dimen119
\Hy@linkcounter=\count102
\Hy@pagecounter=\count103

(/usr/local/texlive/2018/texmf-dist/tex/latex/hyperref/pd1enc.def
File: pd1enc.def 2018/02/06 v6.86b Hyperref: PDFDocEncoding definition (HO)
Now handling font encoding PD1 ...
... no UTF-8 mapping file for font encoding PD1
)
\Hy@SavedSpaceFactor=\count104

(/usr/local/texlive/2018/texmf-dist/tex/latex/latexconfig/hyperref.cfg
File: hyperref.cfg 2002/06/06 v1.2 hyperref configuration of TeXLive
)
Package hyperref Info: Hyper figures OFF on input line 4509.
Package hyperref Info: Link nesting OFF on input line 4514.
Package hyperref Info: Hyper index ON on input line 4517.
Package hyperref Info: Plain pages OFF on input line 4524.
Package hyperref Info: Backreferencing OFF on input line 4529.
Package hyperref Info: Implicit mode ON; LaTeX internals redefined.
Package hyperref Info: Bookmarks ON on input line 4762.
\c@Hy@tempcnt=\count105

(/usr/local/texlive/2018/texmf-dist/tex/latex/url/url.sty
\Urlmuskip=\muskip10
Package: url 2013/09/16  ver 3.4  Verb mode for urls, etc.
)
LaTeX Info: Redefining \url on input line 5115.
\XeTeXLinkMargin=\dimen120
\Fld@menulength=\count106
\Field@Width=\dimen121
\Fld@charsize=\dimen122
Package hyperref Info: Hyper figures OFF on input line 6369.
Package hyperref Info: Link nesting OFF on input line 6374.
Package hyperref Info: Hyper index ON on input line 6377.
Package hyperref Info: backreferencing OFF on input line 6384.
Package hyperref Info: Link coloring OFF on input line 6389.
Package hyperref Info: Link coloring with OCG OFF on input line 6394.
Package hyperref Info: PDF/A mode OFF on input line 6399.
LaTeX Info: Redefining \ref on input line 6439.
LaTeX Info: Redefining \pageref on input line 6443.
\Hy@abspage=\count107
\c@Item=\count108
\c@Hfootnote=\count109
)
Package hyperref Info: Driver (autodetected): hpdftex.

(/usr/local/texlive/2018/texmf-dist/tex/latex/hyperref/hpdftex.def
File: hpdftex.def 2018/02/06 v6.86b Hyperref driver for pdfTeX
\Fld@listcount=\count110
\c@bookmark@seq@number=\count111

(/usr/local/texlive/2018/texmf-dist/tex/latex/oberdiek/rerunfilecheck.sty
Package: rerunfilecheck 2016/05/16 v1.8 Rerun checks for auxiliary files (HO)
Package uniquecounter Info: New unique counter `rerunfilecheck' on input line 2
82.
)
\Hy@SectionHShift=\skip44
)
(/usr/local/texlive/2018/texmf-dist/tex/latex/graphics/graphicx.sty
Package: graphicx 2017/06/01 v1.1a Enhanced LaTeX Graphics (DPC,SPQR)

(/usr/local/texlive/2018/texmf-dist/tex/latex/graphics/graphics.sty
Package: graphics 2017/06/25 v1.2c Standard LaTeX Graphics (DPC,SPQR)

(/usr/local/texlive/2018/texmf-dist/tex/latex/graphics/trig.sty
Package: trig 2016/01/03 v1.10 sin cos tan (DPC)
)
(/usr/local/texlive/2018/texmf-dist/tex/latex/graphics-cfg/graphics.cfg
File: graphics.cfg 2016/06/04 v1.11 sample graphics configuration
)
Package graphics Info: Driver file: pdftex.def on input line 99.
)
\Gin@req@height=\dimen123
\Gin@req@width=\dimen124
)
(/usr/local/texlive/2018/texmf-dist/tex/latex/listings/lstlang1.sty
File: lstlang1.sty 2015/06/04 1.6 listings language file
)
(/usr/local/texlive/2018/texmf-dist/tex/latex/listings/lstlang1.sty
File: lstlang1.sty 2015/06/04 1.6 listings language file
)
(/usr/local/texlive/2018/texmf-dist/tex/latex/listings/lstmisc.sty
File: lstmisc.sty 2015/06/04 1.6 (Carsten Heinz)
) (./lab5.aux)
\openout1 = `lab5.aux'.

LaTeX Font Info:    Checking defaults for OML/cmm/m/it on input line 24.
LaTeX Font Info:    ... okay on input line 24.
LaTeX Font Info:    Checking defaults for T1/cmr/m/n on input line 24.
LaTeX Font Info:    ... okay on input line 24.
LaTeX Font Info:    Checking defaults for OT1/cmr/m/n on input line 24.
LaTeX Font Info:    ... okay on input line 24.
LaTeX Font Info:    Checking defaults for OMS/cmsy/m/n on input line 24.
LaTeX Font Info:    ... okay on input line 24.
LaTeX Font Info:    Checking defaults for OMX/cmex/m/n on input line 24.
LaTeX Font Info:    ... okay on input line 24.
LaTeX Font Info:    Checking defaults for U/cmr/m/n on input line 24.
LaTeX Font Info:    ... okay on input line 24.
LaTeX Font Info:    Checking defaults for PD1/pdf/m/n on input line 24.
LaTeX Font Info:    ... okay on input line 24.

*geometry* driver: auto-detecting
*geometry* detected driver: pdftex
*geometry* verbose mode - [ preamble ] result:
* driver: pdftex
* paper: screen
* layout: <same size as paper>
* layoutoffset:(h,v)=(0.0pt,0.0pt)
* modes: 
* h-part:(L,W,R)=(96.02902pt, 448.12894pt, 96.02904pt)
* v-part:(T,H,B)=(61.45856pt, 358.50314pt, 92.1879pt)
* \paperwidth=640.187pt
* \paperheight=512.1496pt
* \textwidth=448.12894pt
* \textheight=358.50314pt
* \oddsidemargin=23.75903pt
* \evensidemargin=23.75903pt
* \topmargin=-47.81143pt
* \headheight=12.0pt
* \headsep=25.0pt
* \topskip=10.0pt
* \footskip=30.0pt
* \marginparwidth=65.0pt
* \marginparsep=11.0pt
* \columnsep=10.0pt
* \skip\footins=9.0pt plus 4.0pt minus 2.0pt
* \hoffset=0.0pt
* \voffset=0.0pt
* \mag=1000
* \@twocolumnfalse
* \@twosidefalse
* \@mparswitchfalse
* \@reversemarginfalse
* (1in=72.27pt=25.4mm, 1cm=28.453pt)

(/usr/local/texlive/2018/texmf-dist/tex/context/base/mkii/supp-pdf.mkii
[Loading MPS to PDF converter (version 2006.09.02).]
\scratchcounter=\count112
\scratchdimen=\dimen125
\scratchbox=\box29
\nofMPsegments=\count113
\nofMParguments=\count114
\everyMPshowfont=\toks19
\MPscratchCnt=\count115
\MPscratchDim=\dimen126
\MPnumerator=\count116
\makeMPintoPDFobject=\count117
\everyMPtoPDFconversion=\toks20
) (/usr/local/texlive/2018/texmf-dist/tex/latex/oberdiek/epstopdf-base.sty
Package: epstopdf-base 2016/05/15 v2.6 Base part for package epstopdf

(/usr/local/texlive/2018/texmf-dist/tex/latex/oberdiek/grfext.sty
Package: grfext 2016/05/16 v1.2 Manage graphics extensions (HO)
)
Package epstopdf-base Info: Redefining graphics rule for `.eps' on input line 4
38.
Package grfext Info: Graphics extension search list:
(grfext)             [.pdf,.png,.jpg,.mps,.jpeg,.jbig2,.jb2,.PDF,.PNG,.JPG,.JPE
G,.JBIG2,.JB2,.eps]
(grfext)             \AppendGraphicsExtensions on input line 456.

(/usr/local/texlive/2018/texmf-dist/tex/latex/latexconfig/epstopdf-sys.cfg
File: epstopdf-sys.cfg 2010/07/13 v1.3 Configuration of (r)epstopdf for TeX Liv
e
))
\c@lstlisting=\count118
\AtBeginShipoutBox=\box30
Package hyperref Info: Link coloring OFF on input line 24.

(/usr/local/texlive/2018/texmf-dist/tex/latex/hyperref/nameref.sty
Package: nameref 2016/05/21 v2.44 Cross-referencing by name of section

(/usr/local/texlive/2018/texmf-dist/tex/generic/oberdiek/gettitlestring.sty
Package: gettitlestring 2016/05/16 v1.5 Cleanup title references (HO)
)
\c@section@level=\count119
)
LaTeX Info: Redefining \ref on input line 24.
LaTeX Info: Redefining \pageref on input line 24.
LaTeX Info: Redefining \nameref on input line 24.

(./lab5.out) (./lab5.out)
\@outlinefile=\write4
\openout4 = `lab5.out'.

 (./lab5.toc
LaTeX Font Info:    External font `cmex10' loaded for size
(Font)              <7> on input line 5.
LaTeX Font Info:    External font `cmex10' loaded for size
(Font)              <5> on input line 5.
 [1

{/usr/local/texlive/2018/texmf-var/fonts/map/pdftex/updmap/pdftex.map}])
\tf@toc=\write5
\openout5 = `lab5.toc'.

 [2] [3] [4] [5]
LaTeX Font Info:    Try loading font information for OMS+cmr on input line 74.

(/usr/local/texlive/2018/texmf-dist/tex/latex/base/omscmr.fd
File: omscmr.fd 2014/09/29 v2.5h Standard LaTeX font definitions
)
LaTeX Font Info:    Font shape `OMS/cmr/m/n' in size <10> not available
(Font)              Font shape `OMS/cmsy/m/n' tried instead on input line 74.
 [6] [7] [8]
[9] (./main.cpp
LaTeX Font Info:    Font shape `OT1/cmtt/bx/n' in size <9> not available
(Font)              Font shape `OT1/cmtt/m/n' tried instead on input line 1.
 [10]) [11] (./drawCB1.cpp
<sub.png, id=367, 779.91376pt x 371.3875pt>
File: sub.png Graphic file (type png)
<use sub.png>
Package pdftex.def Info: sub.png  used on input line 20.
(pdftex.def)             Requested size: 194.97797pt x 92.84663pt.

Underfull \vbox (badness 10000) detected at line 21
 []

[12] [13 <./sub.png>] [14]) [15] (./drawCB2.cpp [16]
<Scene1.png, id=459, 794.97pt x 597.23125pt>
File: Scene1.png Graphic file (type png)
<use Scene1.png>
Package pdftex.def Info: Scene1.png  used on input line 25.
(pdftex.def)             Requested size: 198.742pt x 149.30743pt.
 [17 <./Scene1.png>]
[18]
File: Scene1.png Graphic file (type png)
<use Scene1.png>
Package pdftex.def Info: Scene1.png  used on input line 71.
(pdftex.def)             Requested size: 397.48402pt x 298.61488pt.

Underfull \vbox (badness 10000) detected at line 72
 []

[19] [20]
<Scene2.png, id=522, 786.94pt x 592.2125pt>
File: Scene2.png Graphic file (type png)
<use Scene2.png>
Package pdftex.def Info: Scene2.png  used on input line 85.
(pdftex.def)             Requested size: 393.46904pt x 296.10551pt.

Underfull \vbox (badness 10000) detected at line 86
 []

[21] [22 <./Scene2.png>]
<Scene3.png, id=542, 788.9475pt x 590.205pt>
File: Scene3.png Graphic file (type png)
<use Scene3.png>
Package pdftex.def Info: Scene3.png  used on input line 104.
(pdftex.def)             Requested size: 394.47278pt x 295.10178pt.

Underfull \vbox (badness 10000) detected at line 105
 []

[23] [24 <./Scene3.png>]
<Scene4.png, id=570, 791.95876pt x 592.2125pt>
File: Scene4.png Graphic file (type png)
<use Scene4.png>
Package pdftex.def Info: Scene4.png  used on input line 126.
(pdftex.def)             Requested size: 395.97841pt x 296.10551pt.

Underfull \vbox (badness 10000) detected at line 127
 []

[25] [26 <./Scene4.png>]) [27] (./lab.h [28] [29] [30]) [31] (./drawHead.cpp
[32]) [33] (./drawEyes.cpp) [34] (./drawWolf.cpp
<wolf.png, id=758, 297.11pt x 299.1175pt>
File: wolf.png Graphic file (type png)
<use wolf.png>
Package pdftex.def Info: wolf.png  used on input line 7.
(pdftex.def)             Requested size: 74.27731pt x 74.77919pt.
 [35 <./wolf.png>]) [36]
(./mirrorY.cpp) [37] (./scaler.cpp) [38] (./moveCharacter.cpp [39]) [40]
(./drawBackground.cpp
<field.png, id=852, 165.18857pt x 123.89143pt>
File: field.png Graphic file (type png)
<use field.png>
Package pdftex.def Info: field.png  used on input line 7.
(pdftex.def)             Requested size: 41.29703pt x 30.97278pt.
 [41 <./field.png>]) [42] (./drawBackground1.cpp
<field2.png, id=881, 803.0pt x 602.25pt>
File: field2.png Graphic file (type png)
<use field2.png>
Package pdftex.def Info: field2.png  used on input line 7.
(pdftex.def)             Requested size: 200.74951pt x 150.56212pt.
 [43 <./field2.png>]) [44] (./drawBackground2.cpp
<field3.png, id=908, 803.0pt x 602.25pt>
File: field3.png Graphic file (type png)
<use field3.png>
Package pdftex.def Info: field3.png  used on input line 7.
(pdftex.def)             Requested size: 200.74951pt x 150.56212pt.
 [45 <./field3.png>]) [46]
(./drawBackground3.cpp
<field4.png, id=936, 192.72pt x 144.54pt>
File: field4.png Graphic file (type png)
<use field4.png>
Package pdftex.def Info: field4.png  used on input line 7.
(pdftex.def)             Requested size: 48.17987pt x 36.1349pt.
 [47 <./field4.png>]) [48] (./drawBirds.cpp
<birds/birdsn5.png, id=964, 128.48pt x 128.48pt>
File: birds/birdsn5.png Graphic file (type png)
<use birds/birdsn5.png>
Package pdftex.def Info: birds/birdsn5.png  used on input line 6.
(pdftex.def)             Requested size: 32.11992pt x 32.11992pt.
 [49 <./birds/birdsn5.png>]) [50] (./getBirds.cpp [51]) [52] (./drawCloud.cpp
<cloud/cloud00.png, id=1039, 200.75pt x 200.75pt>
File: cloud/cloud00.png Graphic file (type png)
<use cloud/cloud00.png>
Package pdftex.def Info: cloud/cloud00.png  used on input line 6.
(pdftex.def)             Requested size: 50.18736pt x 50.18736pt.
 [53 <./cloud/cloud00.png>]) [54] (./drawBody.cpp [55]) [56] (./drawdbody.cpp) 
[57]
(./drawdear1.cpp) [58] (./drawdear2.cpp) [59] (./drawdhead.cpp) [60]
(./drawdleg1.cpp [61]) [62] (./drawdleg2.cpp [63]) [64] (./drawDog.cpp
<dog.png, id=1226, 518.93875pt x 353.32pt>
File: dog.png Graphic file (type png)
<use dog.png>
Package pdftex.def Info: dog.png  used on input line 7.
(pdftex.def)             Requested size: 129.73436pt x 88.32977pt.
 [65 <./dog.png>]) [66] (./drawGoat.cpp
<goat.png, id=1250, 258.9675pt x 294.09875pt>
File: goat.png Graphic file (type png)
<use goat.png>
Package pdftex.def Info: goat.png  used on input line 5.
(pdftex.def)             Requested size: 64.7417pt x 73.5245pt.
 [67 <./goat.png>]) [68] (./drawLeg1.cpp [69])
[70] (./drawLeg2.cpp [71]) [72] (./drawNose.cpp) [73] (./drawTail.cpp [74])
[75] (./gBody.cpp [76]) [77] (./gEye.cpp) [78] (./gHead.cpp [79]) [80]
(./gHorn1.cpp [81]) [82] (./gHorn2.cpp [83]) [84] (./gLeg1.cpp [85]) [86]
(./gLeg2.cpp [87]) [88] (./gTail.cpp [89]) [90] (./fables.txt) [91]
(./readFable.cpp [92] [93] [94] [95]) [96] (./showText.cpp [97] [98] [99]
[100] [101]) [102] (./getPoints.cpp [103]) [104] (./getPoints2.cpp) [105]
[106] (./getPoints3.cpp) [107] [108] (./soundEffects.cpp [109])
File: Scene1.png Graphic file (type png)
<use Scene1.png>
Package pdftex.def Info: Scene1.png  used on input line 257.
(pdftex.def)             Requested size: 397.48402pt x 298.61488pt.
 [110] [111]
File: Scene2.png Graphic file (type png)
<use Scene2.png>
Package pdftex.def Info: Scene2.png  used on input line 260.
(pdftex.def)             Requested size: 393.46904pt x 296.10551pt.

[112]
File: Scene3.png Graphic file (type png)
<use Scene3.png>
Package pdftex.def Info: Scene3.png  used on input line 263.
(pdftex.def)             Requested size: 394.47278pt x 295.10178pt.
 [113]
File: Scene4.png Graphic file (type png)
<use Scene4.png>
Package pdftex.def Info: Scene4.png  used on input line 266.
(pdftex.def)             Requested size: 395.97841pt x 296.10551pt.
 [114]
Package atveryend Info: Empty hook `BeforeClearDocument' on input line 271.
 [115]
Package atveryend Info: Empty hook `AfterLastShipout' on input line 271.
 (./lab5.aux)
Package atveryend Info: Executing hook `AtVeryEndDocument' on input line 271.
Package atveryend Info: Executing hook `AtEndAfterFileList' on input line 271.
Package rerunfilecheck Info: File `lab5.out' has not changed.
(rerunfilecheck)             Checksum: 89DA0B7306E2A3D28E51122A301D15DF;3350.
Package atveryend Info: Empty hook `AtVeryVeryEnd' on input line 271.
 ) 
Here is how much of TeX's memory you used:
 10102 strings out of 494588
 144341 string characters out of 6177454
 346917 words of memory out of 5000000
 12173 multiletter control sequences out of 15000+600000
 5792 words of font info for 22 fonts, out of 8000000 for 9000
 14 hyphenation exceptions out of 8191
 33i,6n,58p,275b,1893s stack positions out of 5000i,500n,10000p,200000b,80000s
</usr/local/texlive/2018/texmf-dist/fonts/type1/public/amsfonts/cm/cmbx10.pfb
></usr/local/texlive/2018/texmf-dist/fonts/type1/public/amsfonts/cm/cmbx12.pfb>
</usr/local/texlive/2018/texmf-dist/fonts/type1/public/amsfonts/cm/cmitt10.pfb>
</usr/local/texlive/2018/texmf-dist/fonts/type1/public/amsfonts/cm/cmr10.pfb></
usr/local/texlive/2018/texmf-dist/fonts/type1/public/amsfonts/cm/cmsy10.pfb></u
sr/local/texlive/2018/texmf-dist/fonts/type1/public/amsfonts/cm/cmtt9.pfb>
Output written on lab5.pdf (115 pages, 7570567 bytes).
PDF statistics:
 2284 PDF objects out of 2487 (max. 8388607)
 2120 compressed objects within 22 object streams
 1349 named destinations out of 1440 (max. 500000)
 511 words of extra memory for PDF output out of 10000 (max. 10000000)

