\BOOKMARK [1][-]{section.1}{Specification}{}% 1
\BOOKMARK [1][-]{section.2}{Analysis}{}% 2
\BOOKMARK [1][-]{section.3}{Design}{}% 3
\BOOKMARK [1][-]{section.4}{Implementation}{}% 4
\BOOKMARK [2][-]{subsection.4.1}{main.cpp}{section.4}% 5
\BOOKMARK [2][-]{subsection.4.2}{drawCB1.cpp}{section.4}% 6
\BOOKMARK [2][-]{subsection.4.3}{drawCB2.cpp}{section.4}% 7
\BOOKMARK [2][-]{subsection.4.4}{lab.h}{section.4}% 8
\BOOKMARK [2][-]{subsection.4.5}{drawhead.cpp}{section.4}% 9
\BOOKMARK [2][-]{subsection.4.6}{drawEyes.cpp}{section.4}% 10
\BOOKMARK [2][-]{subsection.4.7}{drawWolf.cpp}{section.4}% 11
\BOOKMARK [2][-]{subsection.4.8}{mirrorY.cpp}{section.4}% 12
\BOOKMARK [2][-]{subsection.4.9}{scaler.cpp}{section.4}% 13
\BOOKMARK [2][-]{subsection.4.10}{moveCharacter.cpp}{section.4}% 14
\BOOKMARK [2][-]{subsection.4.11}{drawBackground.cpp}{section.4}% 15
\BOOKMARK [2][-]{subsection.4.12}{drawBackground1.cpp}{section.4}% 16
\BOOKMARK [2][-]{subsection.4.13}{drawBackground2.cpp}{section.4}% 17
\BOOKMARK [2][-]{subsection.4.14}{drawBackground3.cpp}{section.4}% 18
\BOOKMARK [2][-]{subsection.4.15}{drawBirds.cpp}{section.4}% 19
\BOOKMARK [2][-]{subsection.4.16}{getBirds.cpp}{section.4}% 20
\BOOKMARK [2][-]{subsection.4.17}{drawCloud.cpp}{section.4}% 21
\BOOKMARK [2][-]{subsection.4.18}{drawBody.cpp}{section.4}% 22
\BOOKMARK [2][-]{subsection.4.19}{drawdbody.cpp}{section.4}% 23
\BOOKMARK [2][-]{subsection.4.20}{drawdear1.cpp}{section.4}% 24
\BOOKMARK [2][-]{subsection.4.21}{drawdear2.cpp}{section.4}% 25
\BOOKMARK [2][-]{subsection.4.22}{drawdhead.cpp}{section.4}% 26
\BOOKMARK [2][-]{subsection.4.23}{drawdleg1.cpp}{section.4}% 27
\BOOKMARK [2][-]{subsection.4.24}{drawdleg2.cpp}{section.4}% 28
\BOOKMARK [2][-]{subsection.4.25}{drawDog.cpp}{section.4}% 29
\BOOKMARK [2][-]{subsection.4.26}{drawGoat.cpp}{section.4}% 30
\BOOKMARK [2][-]{subsection.4.27}{drawLeg1.cpp}{section.4}% 31
\BOOKMARK [2][-]{subsection.4.28}{drawLeg2.cpp}{section.4}% 32
\BOOKMARK [2][-]{subsection.4.29}{drawNose.cpp}{section.4}% 33
\BOOKMARK [2][-]{subsection.4.30}{drawTail.cpp}{section.4}% 34
\BOOKMARK [2][-]{subsection.4.31}{gBody.cpp}{section.4}% 35
\BOOKMARK [2][-]{subsection.4.32}{gEye.cpp}{section.4}% 36
\BOOKMARK [2][-]{subsection.4.33}{gHead.cpp}{section.4}% 37
\BOOKMARK [2][-]{subsection.4.34}{gHorn1.cpp}{section.4}% 38
\BOOKMARK [2][-]{subsection.4.35}{gHorn2.cpp}{section.4}% 39
\BOOKMARK [2][-]{subsection.4.36}{gLeg1.cpp}{section.4}% 40
\BOOKMARK [2][-]{subsection.4.37}{gLeg2.cpp}{section.4}% 41
\BOOKMARK [2][-]{subsection.4.38}{gTail.cpp}{section.4}% 42
\BOOKMARK [2][-]{subsection.4.39}{fables.txt}{section.4}% 43
\BOOKMARK [2][-]{subsection.4.40}{readFable.cpp}{section.4}% 44
\BOOKMARK [2][-]{subsection.4.41}{showText.cpp}{section.4}% 45
\BOOKMARK [2][-]{subsection.4.42}{getPoints.cpp}{section.4}% 46
\BOOKMARK [2][-]{subsection.4.43}{getPoints2.cpp}{section.4}% 47
\BOOKMARK [2][-]{subsection.4.44}{getPoints3.cpp}{section.4}% 48
\BOOKMARK [2][-]{subsection.4.45}{soundEffects.cpp}{section.4}% 49
\BOOKMARK [1][-]{section.5}{Test}{}% 50
\BOOKMARK [2][-]{subsection.5.1}{Testcase 1}{section.5}% 51
\BOOKMARK [2][-]{subsection.5.2}{Testcase 2}{section.5}% 52
\BOOKMARK [2][-]{subsection.5.3}{Testcase 3}{section.5}% 53
\BOOKMARK [2][-]{subsection.5.4}{Testcase 4}{section.5}% 54
\BOOKMARK [2][-]{subsection.5.5}{Test cont.}{section.5}% 55
